This is pdfTeX, Version 3.14159265-2.6-1.40.20 (MiKTeX 2.9.7250 64-bit) (preloaded format=pdflatex 2019.12.21)  20 MAR 2020 11:40
entering extended mode
**./main.tex
(main.tex
LaTeX2e <2019-10-01> patch level 3
("C:\Users\Colin\AppData\Local\Programs\MiKTeX 2.9\tex/latex/base\article.cls"
Document Class: article 2019/10/25 v1.4k Standard LaTeX document class
("C:\Users\Colin\AppData\Local\Programs\MiKTeX 2.9\tex/latex/base\size12.clo"
File: size12.clo 2019/10/25 v1.4k Standard LaTeX file (size option)
)
\c@part=\count80
\c@section=\count81
\c@subsection=\count82
\c@subsubsection=\count83
\c@paragraph=\count84
\c@subparagraph=\count85
\c@figure=\count86
\c@table=\count87
\abovecaptionskip=\skip41
\belowcaptionskip=\skip42
\bibindent=\dimen102
) ("C:\Users\Colin\AppData\Local\Programs\MiKTeX 2.9\tex/latex/import\import.st
y"
Package: import 2009/03/23  v 5.1
) (preamble.sty
Package: preamble 

("C:\Users\Colin\AppData\Local\Programs\MiKTeX 2.9\tex/latex/titling\titling.st
y"
Package: titling 2009/09/04 v2.1d maketitle typesetting
\thanksmarkwidth=\skip43
\thanksmargin=\skip44
\droptitle=\skip45
)
("C:\Users\Colin\AppData\Local\Programs\MiKTeX 2.9\tex/latex/blindtext\blindtex
t.sty"
Package: blindtext 2012/01/06 V2.0 blindtext-Package

("C:\Users\Colin\AppData\Local\Programs\MiKTeX 2.9\tex/latex/tools\xspace.sty"
Package: xspace 2014/10/28 v1.13 Space after command names (DPC,MH)
)
\c@blindtext=\count88
\c@Blindtext=\count89
\c@blind@countparstart=\count90
\blind@countxx=\count91
\blindtext@numBlindtext=\count92
\blind@countyy=\count93
\c@blindlist=\count94
\c@blindlistlevel=\count95
\c@blindlist@level=\count96
\blind@listitem=\count97
\c@blind@listcount=\count98
\c@blind@levelcount=\count99
\blind@mathformula=\count100
\blind@Mathformula=\count101
\c@blind@randomcount=\count102
\c@blind@randommax=\count103
\c@blind@pangramcount=\count104
\c@blind@pangrammax=\count105
) ("C:\Users\Colin\AppData\Local\Programs\MiKTeX 2.9\tex/latex/svg\svg.sty"
Package: svg 2019/10/22 v2.02d (include SVG pictures)

("C:\Users\Colin\AppData\Local\Programs\MiKTeX 2.9\tex/latex/koma-script\scrbas
e.sty"
Package: scrbase 2019/10/12 v3.27 KOMA-Script package (KOMA-Script-independent 
basics and keyval usage)

("C:\Users\Colin\AppData\Local\Programs\MiKTeX 2.9\tex/latex/graphics\keyval.st
y"
Package: keyval 2014/10/28 v1.15 key=value parser (DPC)
\KV@toks@=\toks14
)
("C:\Users\Colin\AppData\Local\Programs\MiKTeX 2.9\tex/latex/koma-script\scrlfi
le.sty"
Package: scrlfile 2019/10/12 v3.27 KOMA-Script package (loading files)
))
("C:\Users\Colin\AppData\Local\Programs\MiKTeX 2.9\tex/generic/iftex\ifpdf.sty"
Package: ifpdf 2019/10/25 v3.4 ifpdf legacy package. Use iftex instead.
("C:\Users\Colin\AppData\Local\Programs\MiKTeX 2.9\tex/generic/iftex\iftex.sty"
Package: iftex 2019/11/07 v1.0c TeX engine tests
))
("C:\Users\Colin\AppData\Local\Programs\MiKTeX 2.9\tex/generic/iftex\ifluatex.s
ty"
Package: ifluatex 2019/10/25 v1.5 ifluatex legacy package. Use iftex instead.
)
("C:\Users\Colin\AppData\Local\Programs\MiKTeX 2.9\tex/generic/iftex\ifxetex.st
y"
Package: ifxetex 2019/10/25 v0.7 ifxetex legacy package. Use iftex instead.
)
("C:\Users\Colin\AppData\Local\Programs\MiKTeX 2.9\tex/latex/pdftexcmds\pdftexc
mds.sty"
Package: pdftexcmds 2019/11/24 v0.31 Utility functions of pdfTeX for LuaTeX (HO
)

("C:\Users\Colin\AppData\Local\Programs\MiKTeX 2.9\tex/generic/infwarerr\infwar
err.sty"
Package: infwarerr 2019/12/03 v1.5 Providing info/warning/error messages (HO)
)
("C:\Users\Colin\AppData\Local\Programs\MiKTeX 2.9\tex/generic/ltxcmds\ltxcmds.
sty"
Package: ltxcmds 2019/12/15 v1.24 LaTeX kernel commands for general use (HO)
)
Package pdftexcmds Info: \pdf@primitive is available.
Package pdftexcmds Info: \pdf@ifprimitive is available.
Package pdftexcmds Info: \pdfdraftmode found.
)
("C:\Users\Colin\AppData\Local\Programs\MiKTeX 2.9\tex/latex/tools\shellesc.sty
"
Package: shellesc 2019/11/08 v1.0c unified shell escape interface for LaTeX
Package shellesc Info: Restricted shell escape enabled on input line 77.
)
("C:\Users\Colin\AppData\Local\Programs\MiKTeX 2.9\tex/latex/trimspaces\trimspa
ces.sty"
Package: trimspaces 2009/09/17 v1.1 Trim spaces around a token list
)
("C:\Users\Colin\AppData\Local\Programs\MiKTeX 2.9\tex/latex/graphics\graphicx.
sty"
Package: graphicx 2017/06/01 v1.1a Enhanced LaTeX Graphics (DPC,SPQR)

("C:\Users\Colin\AppData\Local\Programs\MiKTeX 2.9\tex/latex/graphics\graphics.
sty"
Package: graphics 2019/11/01 v1.3d Standard LaTeX Graphics (DPC,SPQR)

("C:\Users\Colin\AppData\Local\Programs\MiKTeX 2.9\tex/latex/graphics\trig.sty"
Package: trig 2016/01/03 v1.10 sin cos tan (DPC)
)
("C:\Users\Colin\AppData\Local\Programs\MiKTeX 2.9\tex/latex/graphics-cfg\graph
ics.cfg"
File: graphics.cfg 2016/06/04 v1.11 sample graphics configuration
)
Package graphics Info: Driver file: pdftex.def on input line 105.

("C:\Users\Colin\AppData\Local\Programs\MiKTeX 2.9\tex/latex/graphics-def\pdfte
x.def"
File: pdftex.def 2018/01/08 v1.0l Graphics/color driver for pdftex
))
\Gin@req@height=\dimen103
\Gin@req@width=\dimen104
)
\svg@box=\box27
\c@svg@param@lastpage=\count106
\c@svg@param@currpage=\count107
)
("C:\Users\Colin\AppData\Local\Programs\MiKTeX 2.9\tex/latex/xcolor\xcolor.sty"
Package: xcolor 2016/05/11 v2.12 LaTeX color extensions (UK)

("C:\Users\Colin\AppData\Local\Programs\MiKTeX 2.9\tex/latex/graphics-cfg\color
.cfg"
File: color.cfg 2016/01/02 v1.6 sample color configuration
)
Package xcolor Info: Driver file: pdftex.def on input line 225.
Package xcolor Info: Model `cmy' substituted by `cmy0' on input line 1348.
Package xcolor Info: Model `hsb' substituted by `rgb' on input line 1352.
Package xcolor Info: Model `RGB' extended on input line 1364.
Package xcolor Info: Model `HTML' substituted by `rgb' on input line 1366.
Package xcolor Info: Model `Hsb' substituted by `hsb' on input line 1367.
Package xcolor Info: Model `tHsb' substituted by `hsb' on input line 1368.
Package xcolor Info: Model `HSB' substituted by `hsb' on input line 1369.
Package xcolor Info: Model `Gray' substituted by `gray' on input line 1370.
Package xcolor Info: Model `wave' substituted by `hsb' on input line 1371.
)
("C:\Users\Colin\AppData\Local\Programs\MiKTeX 2.9\tex/latex/transparent\transp
arent.sty"
Package: transparent 2019/11/29 v1.4 Transparency via pdfTeX's color stack (HO)


("C:\Users\Colin\AppData\Local\Programs\MiKTeX 2.9\tex/latex/auxhook\auxhook.st
y"
Package: auxhook 2019-12-17 v1.6 Hooks for auxiliary files (HO)
)) ("C:\Users\Colin\AppData\Local\Programs\MiKTeX 2.9\tex/latex/lm\lmodern.sty"
Package: lmodern 2009/10/30 v1.6 Latin Modern Fonts
LaTeX Font Info:    Overwriting symbol font `operators' in version `normal'
(Font)                  OT1/cmr/m/n --> OT1/lmr/m/n on input line 22.
LaTeX Font Info:    Overwriting symbol font `letters' in version `normal'
(Font)                  OML/cmm/m/it --> OML/lmm/m/it on input line 23.
LaTeX Font Info:    Overwriting symbol font `symbols' in version `normal'
(Font)                  OMS/cmsy/m/n --> OMS/lmsy/m/n on input line 24.
LaTeX Font Info:    Overwriting symbol font `largesymbols' in version `normal'
(Font)                  OMX/cmex/m/n --> OMX/lmex/m/n on input line 25.
LaTeX Font Info:    Overwriting symbol font `operators' in version `bold'
(Font)                  OT1/cmr/bx/n --> OT1/lmr/bx/n on input line 26.
LaTeX Font Info:    Overwriting symbol font `letters' in version `bold'
(Font)                  OML/cmm/b/it --> OML/lmm/b/it on input line 27.
LaTeX Font Info:    Overwriting symbol font `symbols' in version `bold'
(Font)                  OMS/cmsy/b/n --> OMS/lmsy/b/n on input line 28.
LaTeX Font Info:    Overwriting symbol font `largesymbols' in version `bold'
(Font)                  OMX/cmex/m/n --> OMX/lmex/m/n on input line 29.
LaTeX Font Info:    Overwriting math alphabet `\mathbf' in version `normal'
(Font)                  OT1/cmr/bx/n --> OT1/lmr/bx/n on input line 31.
LaTeX Font Info:    Overwriting math alphabet `\mathsf' in version `normal'
(Font)                  OT1/cmss/m/n --> OT1/lmss/m/n on input line 32.
LaTeX Font Info:    Overwriting math alphabet `\mathit' in version `normal'
(Font)                  OT1/cmr/m/it --> OT1/lmr/m/it on input line 33.
LaTeX Font Info:    Overwriting math alphabet `\mathtt' in version `normal'
(Font)                  OT1/cmtt/m/n --> OT1/lmtt/m/n on input line 34.
LaTeX Font Info:    Overwriting math alphabet `\mathbf' in version `bold'
(Font)                  OT1/cmr/bx/n --> OT1/lmr/bx/n on input line 35.
LaTeX Font Info:    Overwriting math alphabet `\mathsf' in version `bold'
(Font)                  OT1/cmss/bx/n --> OT1/lmss/bx/n on input line 36.
LaTeX Font Info:    Overwriting math alphabet `\mathit' in version `bold'
(Font)                  OT1/cmr/bx/it --> OT1/lmr/bx/it on input line 37.
LaTeX Font Info:    Overwriting math alphabet `\mathtt' in version `bold'
(Font)                  OT1/cmtt/m/n --> OT1/lmtt/m/n on input line 38.
)
("C:\Users\Colin\AppData\Local\Programs\MiKTeX 2.9\tex/latex/titlesec\titlesec.
sty"
Package: titlesec 2019/10/16 v2.13 Sectioning titles
\ttl@box=\box28
\beforetitleunit=\skip46
\aftertitleunit=\skip47
\ttl@plus=\dimen105
\ttl@minus=\dimen106
\ttl@toksa=\toks15
\titlewidth=\dimen107
\titlewidthlast=\dimen108
\titlewidthfirst=\dimen109
)
("C:\Users\Colin\AppData\Local\Programs\MiKTeX 2.9\tex/latex/geometry\geometry.
sty"
Package: geometry 2018/04/16 v5.8 Page Geometry

("C:\Users\Colin\AppData\Local\Programs\MiKTeX 2.9\tex/generic/iftex\ifvtex.sty
"
Package: ifvtex 2019/10/25 v1.7 ifvtex legacy package. Use iftex instead.
)
\Gm@cnth=\count108
\Gm@cntv=\count109
\c@Gm@tempcnt=\count110
\Gm@bindingoffset=\dimen110
\Gm@wd@mp=\dimen111
\Gm@odd@mp=\dimen112
\Gm@even@mp=\dimen113
\Gm@layoutwidth=\dimen114
\Gm@layoutheight=\dimen115
\Gm@layouthoffset=\dimen116
\Gm@layoutvoffset=\dimen117
\Gm@dimlist=\toks16

("C:\Users\Colin\AppData\Local\Programs\MiKTeX 2.9\tex/latex/geometry\geometry.
cfg"))
("C:\Users\Colin\AppData\Local\Programs\MiKTeX 2.9\tex/latex/soul\soul.sty"
Package: soul 2003/11/17 v2.4 letterspacing/underlining (mf)
\SOUL@word=\toks17
\SOUL@lasttoken=\toks18
\SOUL@cmds=\toks19
\SOUL@buffer=\toks20
\SOUL@token=\toks21
\SOUL@spaceskip=\skip48
\SOUL@ttwidth=\dimen118
\SOUL@uldp=\dimen119
\SOUL@ulht=\dimen120
)
("C:\Users\Colin\AppData\Local\Programs\MiKTeX 2.9\tex/latex/tikz-cd\tikz-cd.st
y"
Package: tikz-cd 2018/11/19 v0.9f Commutative diagrams with TikZ

("C:\Users\Colin\AppData\Local\Programs\MiKTeX 2.9\tex/latex/pgf/frontendlayer\
tikz.sty"
("C:\Users\Colin\AppData\Local\Programs\MiKTeX 2.9\tex/latex/pgf/basiclayer\pgf
.sty"
("C:\Users\Colin\AppData\Local\Programs\MiKTeX 2.9\tex/latex/pgf/utilities\pgfr
cs.sty"
("C:\Users\Colin\AppData\Local\Programs\MiKTeX 2.9\tex/generic/pgf/utilities\pg
futil-common.tex"
\pgfutil@everybye=\toks22
\pgfutil@tempdima=\dimen121
\pgfutil@tempdimb=\dimen122

("C:\Users\Colin\AppData\Local\Programs\MiKTeX 2.9\tex/generic/pgf/utilities\pg
futil-common-lists.tex"))
("C:\Users\Colin\AppData\Local\Programs\MiKTeX 2.9\tex/generic/pgf/utilities\pg
futil-latex.def"
\pgfutil@abb=\box29

("C:\Users\Colin\AppData\Local\Programs\MiKTeX 2.9\tex/latex/ms\everyshi.sty"
Package: everyshi 2001/05/15 v3.00 EveryShipout Package (MS)
))
("C:\Users\Colin\AppData\Local\Programs\MiKTeX 2.9\tex/generic/pgf/utilities\pg
frcs.code.tex"
("C:\Users\Colin\AppData\Local\Programs\MiKTeX 2.9\tex/generic/pgf\pgf.revision
.tex")
Package: pgfrcs 2019/12/19 v3.1.5 (3.1.5)
))
Package: pgf 2019/12/19 v3.1.5 (3.1.5)

("C:\Users\Colin\AppData\Local\Programs\MiKTeX 2.9\tex/latex/pgf/basiclayer\pgf
core.sty"
("C:\Users\Colin\AppData\Local\Programs\MiKTeX 2.9\tex/latex/pgf/systemlayer\pg
fsys.sty"
("C:\Users\Colin\AppData\Local\Programs\MiKTeX 2.9\tex/generic/pgf/systemlayer\
pgfsys.code.tex"
Package: pgfsys 2019/12/19 v3.1.5 (3.1.5)

("C:\Users\Colin\AppData\Local\Programs\MiKTeX 2.9\tex/generic/pgf/utilities\pg
fkeys.code.tex"
\pgfkeys@pathtoks=\toks23
\pgfkeys@temptoks=\toks24

("C:\Users\Colin\AppData\Local\Programs\MiKTeX 2.9\tex/generic/pgf/utilities\pg
fkeysfiltered.code.tex"
\pgfkeys@tmptoks=\toks25
))
\pgf@x=\dimen123
\pgf@y=\dimen124
\pgf@xa=\dimen125
\pgf@ya=\dimen126
\pgf@xb=\dimen127
\pgf@yb=\dimen128
\pgf@xc=\dimen129
\pgf@yc=\dimen130
\pgf@xd=\dimen131
\pgf@yd=\dimen132
\w@pgf@writea=\write3
\r@pgf@reada=\read1
\c@pgf@counta=\count111
\c@pgf@countb=\count112
\c@pgf@countc=\count113
\c@pgf@countd=\count114
\t@pgf@toka=\toks26
\t@pgf@tokb=\toks27
\t@pgf@tokc=\toks28
\pgf@sys@id@count=\count115

("C:\Users\Colin\AppData\Local\Programs\MiKTeX 2.9\tex/generic/pgf/systemlayer\
pgf.cfg"
File: pgf.cfg 2019/12/19 v3.1.5 (3.1.5)
)
Driver file for pgf: pgfsys-pdftex.def

("C:\Users\Colin\AppData\Local\Programs\MiKTeX 2.9\tex/generic/pgf/systemlayer\
pgfsys-pdftex.def"
File: pgfsys-pdftex.def 2019/12/19 v3.1.5 (3.1.5)

("C:\Users\Colin\AppData\Local\Programs\MiKTeX 2.9\tex/generic/pgf/systemlayer\
pgfsys-common-pdf.def"
File: pgfsys-common-pdf.def 2019/12/19 v3.1.5 (3.1.5)
)))
("C:\Users\Colin\AppData\Local\Programs\MiKTeX 2.9\tex/generic/pgf/systemlayer\
pgfsyssoftpath.code.tex"
File: pgfsyssoftpath.code.tex 2019/12/19 v3.1.5 (3.1.5)
\pgfsyssoftpath@smallbuffer@items=\count116
\pgfsyssoftpath@bigbuffer@items=\count117
)
("C:\Users\Colin\AppData\Local\Programs\MiKTeX 2.9\tex/generic/pgf/systemlayer\
pgfsysprotocol.code.tex"
File: pgfsysprotocol.code.tex 2019/12/19 v3.1.5 (3.1.5)
))
("C:\Users\Colin\AppData\Local\Programs\MiKTeX 2.9\tex/generic/pgf/basiclayer\p
gfcore.code.tex"
Package: pgfcore 2019/12/19 v3.1.5 (3.1.5)

("C:\Users\Colin\AppData\Local\Programs\MiKTeX 2.9\tex/generic/pgf/math\pgfmath
.code.tex"
("C:\Users\Colin\AppData\Local\Programs\MiKTeX 2.9\tex/generic/pgf/math\pgfmath
calc.code.tex"
("C:\Users\Colin\AppData\Local\Programs\MiKTeX 2.9\tex/generic/pgf/math\pgfmath
util.code.tex")
("C:\Users\Colin\AppData\Local\Programs\MiKTeX 2.9\tex/generic/pgf/math\pgfmath
parser.code.tex"
\pgfmath@dimen=\dimen133
\pgfmath@count=\count118
\pgfmath@box=\box30
\pgfmath@toks=\toks29
\pgfmath@stack@operand=\toks30
\pgfmath@stack@operation=\toks31
)
("C:\Users\Colin\AppData\Local\Programs\MiKTeX 2.9\tex/generic/pgf/math\pgfmath
functions.code.tex"
("C:\Users\Colin\AppData\Local\Programs\MiKTeX 2.9\tex/generic/pgf/math\pgfmath
functions.basic.code.tex")
("C:\Users\Colin\AppData\Local\Programs\MiKTeX 2.9\tex/generic/pgf/math\pgfmath
functions.trigonometric.code.tex")
("C:\Users\Colin\AppData\Local\Programs\MiKTeX 2.9\tex/generic/pgf/math\pgfmath
functions.random.code.tex")
("C:\Users\Colin\AppData\Local\Programs\MiKTeX 2.9\tex/generic/pgf/math\pgfmath
functions.comparison.code.tex")
("C:\Users\Colin\AppData\Local\Programs\MiKTeX 2.9\tex/generic/pgf/math\pgfmath
functions.base.code.tex")
("C:\Users\Colin\AppData\Local\Programs\MiKTeX 2.9\tex/generic/pgf/math\pgfmath
functions.round.code.tex")
("C:\Users\Colin\AppData\Local\Programs\MiKTeX 2.9\tex/generic/pgf/math\pgfmath
functions.misc.code.tex")
("C:\Users\Colin\AppData\Local\Programs\MiKTeX 2.9\tex/generic/pgf/math\pgfmath
functions.integerarithmetics.code.tex")))
("C:\Users\Colin\AppData\Local\Programs\MiKTeX 2.9\tex/generic/pgf/math\pgfmath
float.code.tex"
\c@pgfmathroundto@lastzeros=\count119
))
("C:\Users\Colin\AppData\Local\Programs\MiKTeX 2.9\tex/generic/pgf/math\pgfint.
code.tex")
("C:\Users\Colin\AppData\Local\Programs\MiKTeX 2.9\tex/generic/pgf/basiclayer\p
gfcorepoints.code.tex"
File: pgfcorepoints.code.tex 2019/12/19 v3.1.5 (3.1.5)
\pgf@picminx=\dimen134
\pgf@picmaxx=\dimen135
\pgf@picminy=\dimen136
\pgf@picmaxy=\dimen137
\pgf@pathminx=\dimen138
\pgf@pathmaxx=\dimen139
\pgf@pathminy=\dimen140
\pgf@pathmaxy=\dimen141
\pgf@xx=\dimen142
\pgf@xy=\dimen143
\pgf@yx=\dimen144
\pgf@yy=\dimen145
\pgf@zx=\dimen146
\pgf@zy=\dimen147
)
("C:\Users\Colin\AppData\Local\Programs\MiKTeX 2.9\tex/generic/pgf/basiclayer\p
gfcorepathconstruct.code.tex"
File: pgfcorepathconstruct.code.tex 2019/12/19 v3.1.5 (3.1.5)
\pgf@path@lastx=\dimen148
\pgf@path@lasty=\dimen149
)
("C:\Users\Colin\AppData\Local\Programs\MiKTeX 2.9\tex/generic/pgf/basiclayer\p
gfcorepathusage.code.tex"
File: pgfcorepathusage.code.tex 2019/12/19 v3.1.5 (3.1.5)
\pgf@shorten@end@additional=\dimen150
\pgf@shorten@start@additional=\dimen151
)
("C:\Users\Colin\AppData\Local\Programs\MiKTeX 2.9\tex/generic/pgf/basiclayer\p
gfcorescopes.code.tex"
File: pgfcorescopes.code.tex 2019/12/19 v3.1.5 (3.1.5)
\pgfpic=\box31
\pgf@hbox=\box32
\pgf@layerbox@main=\box33
\pgf@picture@serial@count=\count120
)
("C:\Users\Colin\AppData\Local\Programs\MiKTeX 2.9\tex/generic/pgf/basiclayer\p
gfcoregraphicstate.code.tex"
File: pgfcoregraphicstate.code.tex 2019/12/19 v3.1.5 (3.1.5)
\pgflinewidth=\dimen152
)
("C:\Users\Colin\AppData\Local\Programs\MiKTeX 2.9\tex/generic/pgf/basiclayer\p
gfcoretransformations.code.tex"
File: pgfcoretransformations.code.tex 2019/12/19 v3.1.5 (3.1.5)
\pgf@pt@x=\dimen153
\pgf@pt@y=\dimen154
\pgf@pt@temp=\dimen155
)
("C:\Users\Colin\AppData\Local\Programs\MiKTeX 2.9\tex/generic/pgf/basiclayer\p
gfcorequick.code.tex"
File: pgfcorequick.code.tex 2019/12/19 v3.1.5 (3.1.5)
)
("C:\Users\Colin\AppData\Local\Programs\MiKTeX 2.9\tex/generic/pgf/basiclayer\p
gfcoreobjects.code.tex"
File: pgfcoreobjects.code.tex 2019/12/19 v3.1.5 (3.1.5)
)
("C:\Users\Colin\AppData\Local\Programs\MiKTeX 2.9\tex/generic/pgf/basiclayer\p
gfcorepathprocessing.code.tex"
File: pgfcorepathprocessing.code.tex 2019/12/19 v3.1.5 (3.1.5)
)
("C:\Users\Colin\AppData\Local\Programs\MiKTeX 2.9\tex/generic/pgf/basiclayer\p
gfcorearrows.code.tex"
File: pgfcorearrows.code.tex 2019/12/19 v3.1.5 (3.1.5)
\pgfarrowsep=\dimen156
)
("C:\Users\Colin\AppData\Local\Programs\MiKTeX 2.9\tex/generic/pgf/basiclayer\p
gfcoreshade.code.tex"
File: pgfcoreshade.code.tex 2019/12/19 v3.1.5 (3.1.5)
\pgf@max=\dimen157
\pgf@sys@shading@range@num=\count121
\pgf@shadingcount=\count122
)
("C:\Users\Colin\AppData\Local\Programs\MiKTeX 2.9\tex/generic/pgf/basiclayer\p
gfcoreimage.code.tex"
File: pgfcoreimage.code.tex 2019/12/19 v3.1.5 (3.1.5)

("C:\Users\Colin\AppData\Local\Programs\MiKTeX 2.9\tex/generic/pgf/basiclayer\p
gfcoreexternal.code.tex"
File: pgfcoreexternal.code.tex 2019/12/19 v3.1.5 (3.1.5)
\pgfexternal@startupbox=\box34
))
("C:\Users\Colin\AppData\Local\Programs\MiKTeX 2.9\tex/generic/pgf/basiclayer\p
gfcorelayers.code.tex"
File: pgfcorelayers.code.tex 2019/12/19 v3.1.5 (3.1.5)
)
("C:\Users\Colin\AppData\Local\Programs\MiKTeX 2.9\tex/generic/pgf/basiclayer\p
gfcoretransparency.code.tex"
File: pgfcoretransparency.code.tex 2019/12/19 v3.1.5 (3.1.5)
)
("C:\Users\Colin\AppData\Local\Programs\MiKTeX 2.9\tex/generic/pgf/basiclayer\p
gfcorepatterns.code.tex"
File: pgfcorepatterns.code.tex 2019/12/19 v3.1.5 (3.1.5)
)
("C:\Users\Colin\AppData\Local\Programs\MiKTeX 2.9\tex/generic/pgf/basiclayer\p
gfcorerdf.code.tex"
File: pgfcorerdf.code.tex 2019/12/19 v3.1.5 (3.1.5)
)))
("C:\Users\Colin\AppData\Local\Programs\MiKTeX 2.9\tex/generic/pgf/modules\pgfm
oduleshapes.code.tex"
File: pgfmoduleshapes.code.tex 2019/12/19 v3.1.5 (3.1.5)
\pgfnodeparttextbox=\box35
)
("C:\Users\Colin\AppData\Local\Programs\MiKTeX 2.9\tex/generic/pgf/modules\pgfm
oduleplot.code.tex"
File: pgfmoduleplot.code.tex 2019/12/19 v3.1.5 (3.1.5)
)
("C:\Users\Colin\AppData\Local\Programs\MiKTeX 2.9\tex/latex/pgf/compatibility\
pgfcomp-version-0-65.sty"
Package: pgfcomp-version-0-65 2019/12/19 v3.1.5 (3.1.5)
\pgf@nodesepstart=\dimen158
\pgf@nodesepend=\dimen159
)
("C:\Users\Colin\AppData\Local\Programs\MiKTeX 2.9\tex/latex/pgf/compatibility\
pgfcomp-version-1-18.sty"
Package: pgfcomp-version-1-18 2019/12/19 v3.1.5 (3.1.5)
))
("C:\Users\Colin\AppData\Local\Programs\MiKTeX 2.9\tex/latex/pgf/utilities\pgff
or.sty"
("C:\Users\Colin\AppData\Local\Programs\MiKTeX 2.9\tex/latex/pgf/utilities\pgfk
eys.sty"
("C:\Users\Colin\AppData\Local\Programs\MiKTeX 2.9\tex/generic/pgf/utilities\pg
fkeys.code.tex"))
("C:\Users\Colin\AppData\Local\Programs\MiKTeX 2.9\tex/latex/pgf/math\pgfmath.s
ty"
("C:\Users\Colin\AppData\Local\Programs\MiKTeX 2.9\tex/generic/pgf/math\pgfmath
.code.tex"))
("C:\Users\Colin\AppData\Local\Programs\MiKTeX 2.9\tex/generic/pgf/utilities\pg
ffor.code.tex"
Package: pgffor 2019/12/19 v3.1.5 (3.1.5)

("C:\Users\Colin\AppData\Local\Programs\MiKTeX 2.9\tex/generic/pgf/math\pgfmath
.code.tex")
\pgffor@iter=\dimen160
\pgffor@skip=\dimen161
\pgffor@stack=\toks32
\pgffor@toks=\toks33
))
("C:\Users\Colin\AppData\Local\Programs\MiKTeX 2.9\tex/generic/pgf/frontendlaye
r/tikz\tikz.code.tex"
Package: tikz 2019/12/19 v3.1.5 (3.1.5)

("C:\Users\Colin\AppData\Local\Programs\MiKTeX 2.9\tex/generic/pgf/libraries\pg
flibraryplothandlers.code.tex"
File: pgflibraryplothandlers.code.tex 2019/12/19 v3.1.5 (3.1.5)
\pgf@plot@mark@count=\count123
\pgfplotmarksize=\dimen162
)
\tikz@lastx=\dimen163
\tikz@lasty=\dimen164
\tikz@lastxsaved=\dimen165
\tikz@lastysaved=\dimen166
\tikz@lastmovetox=\dimen167
\tikz@lastmovetoy=\dimen168
\tikzleveldistance=\dimen169
\tikzsiblingdistance=\dimen170
\tikz@figbox=\box36
\tikz@figbox@bg=\box37
\tikz@tempbox=\box38
\tikz@tempbox@bg=\box39
\tikztreelevel=\count124
\tikznumberofchildren=\count125
\tikznumberofcurrentchild=\count126
\tikz@fig@count=\count127

("C:\Users\Colin\AppData\Local\Programs\MiKTeX 2.9\tex/generic/pgf/modules\pgfm
odulematrix.code.tex"
File: pgfmodulematrix.code.tex 2019/12/19 v3.1.5 (3.1.5)
\pgfmatrixcurrentrow=\count128
\pgfmatrixcurrentcolumn=\count129
\pgf@matrix@numberofcolumns=\count130
)
\tikz@expandcount=\count131

("C:\Users\Colin\AppData\Local\Programs\MiKTeX 2.9\tex/generic/pgf/frontendlaye
r/tikz/libraries\tikzlibrarytopaths.code.tex"
File: tikzlibrarytopaths.code.tex 2019/12/19 v3.1.5 (3.1.5)
)))
("C:\Users\Colin\AppData\Local\Programs\MiKTeX 2.9\tex/latex/tikz-cd\tikzlibrar
ycd.code.tex"
("C:\Users\Colin\AppData\Local\Programs\MiKTeX 2.9\tex/generic/pgf/frontendlaye
r/tikz/libraries\tikzlibrarymatrix.code.tex"
File: tikzlibrarymatrix.code.tex 2019/12/19 v3.1.5 (3.1.5)
)
("C:\Users\Colin\AppData\Local\Programs\MiKTeX 2.9\tex/generic/pgf/frontendlaye
r/tikz/libraries\tikzlibraryquotes.code.tex"
File: tikzlibraryquotes.code.tex 2019/12/19 v3.1.5 (3.1.5)
)
("C:\Users\Colin\AppData\Local\Programs\MiKTeX 2.9\tex/generic/pgf/libraries\pg
flibraryarrows.meta.code.tex"
File: pgflibraryarrows.meta.code.tex 2019/12/19 v3.1.5 (3.1.5)
\pgfarrowinset=\dimen171
\pgfarrowlength=\dimen172
\pgfarrowwidth=\dimen173
\pgfarrowlinewidth=\dimen174
)))
("C:\Users\Colin\AppData\Local\Programs\MiKTeX 2.9\tex/latex/tikz-3dplot\tikz-3
dplot.sty"
("C:\Users\Colin\AppData\Local\Programs\MiKTeX 2.9\tex/latex/base\ifthen.sty"
Package: ifthen 2014/09/29 v1.1c Standard LaTeX ifthen package (DPC)
)
("C:\Users\Colin\AppData\Local\Programs\MiKTeX 2.9\tex/generic/pgf/frontendlaye
r/tikz/libraries\tikzlibrarycalc.code.tex"
File: tikzlibrarycalc.code.tex 2019/12/19 v3.1.5 (3.1.5)
)
("C:\Users\Colin\AppData\Local\Programs\MiKTeX 2.9\tex/generic/pgf/frontendlaye
r/tikz/libraries\tikzlibrary3d.code.tex"
File: tikzlibrary3d.code.tex 2019/12/19 v3.1.5 (3.1.5)
)
("C:\Users\Colin\AppData\Local\Programs\MiKTeX 2.9\tex/generic/pgf/frontendlaye
r/tikz/libraries\tikzlibraryarrows.code.tex"
File: tikzlibraryarrows.code.tex 2019/12/19 v3.1.5 (3.1.5)

("C:\Users\Colin\AppData\Local\Programs\MiKTeX 2.9\tex/generic/pgf/libraries\pg
flibraryarrows.code.tex"
File: pgflibraryarrows.code.tex 2019/12/19 v3.1.5 (3.1.5)
\arrowsize=\dimen175
)))
("C:\Users\Colin\AppData\Local\Programs\MiKTeX 2.9\tex/generic/pgf/frontendlaye
r/tikz/libraries\tikzlibraryangles.code.tex"
File: tikzlibraryangles.code.tex 2019/12/19 v3.1.5 (3.1.5)
)
("C:\Users\Colin\AppData\Local\Programs\MiKTeX 2.9\tex/latex/pgfplots\pgfplots.
sty"
("C:\Users\Colin\AppData\Local\Programs\MiKTeX 2.9\tex/generic/pgfplots\pgfplot
s.revision.tex")
Package: pgfplots 2018/03/28 v1.16 Data Visualization (1.16)

("C:\Users\Colin\AppData\Local\Programs\MiKTeX 2.9\tex/generic/pgfplots\pgfplot
s.code.tex"
("C:\Users\Colin\AppData\Local\Programs\MiKTeX 2.9\tex/generic/pgfplots\pgfplot
score.code.tex"
\t@pgfplots@toka=\toks34
\t@pgfplots@tokb=\toks35
\t@pgfplots@tokc=\toks36
\pgfplots@tmpa=\dimen176
\c@pgfplots@coordindex=\count132
\c@pgfplots@scanlineindex=\count133

("C:\Users\Colin\AppData\Local\Programs\MiKTeX 2.9\tex/generic/pgfplots/sys\pgf
plotssysgeneric.code.tex"))
("C:\Users\Colin\AppData\Local\Programs\MiKTeX 2.9\tex/generic/pgfplots/libs\pg
fplotslibrary.code.tex")
("C:\Users\Colin\AppData\Local\Programs\MiKTeX 2.9\tex/generic/pgfplots/oldpgfc
ompatib\pgfplotsoldpgfsupp_loader.code.tex"
("C:\Users\Colin\AppData\Local\Programs\MiKTeX 2.9\tex/generic/pgf/libraries\pg
flibraryfpu.code.tex"))
("C:\Users\Colin\AppData\Local\Programs\MiKTeX 2.9\tex/generic/pgfplots/util\pg
fplotsutil.code.tex"
("C:\Users\Colin\AppData\Local\Programs\MiKTeX 2.9\tex/generic/pgfplots/liststr
ucture\pgfplotsliststructure.code.tex")
("C:\Users\Colin\AppData\Local\Programs\MiKTeX 2.9\tex/generic/pgfplots/liststr
ucture\pgfplotsliststructureext.code.tex")
("C:\Users\Colin\AppData\Local\Programs\MiKTeX 2.9\tex/generic/pgfplots/liststr
ucture\pgfplotsarray.code.tex"
\c@pgfplotsarray@tmp=\count134
)
("C:\Users\Colin\AppData\Local\Programs\MiKTeX 2.9\tex/generic/pgfplots/liststr
ucture\pgfplotsmatrix.code.tex")
("C:\Users\Colin\AppData\Local\Programs\MiKTeX 2.9\tex/generic/pgfplots/numtabl
e\pgfplotstableshared.code.tex"
\c@pgfplotstable@counta=\count135
\t@pgfplotstable@a=\toks37
)
("C:\Users\Colin\AppData\Local\Programs\MiKTeX 2.9\tex/generic/pgfplots/liststr
ucture\pgfplotsdeque.code.tex")
("C:\Users\Colin\AppData\Local\Programs\MiKTeX 2.9\tex/generic/pgfplots/util\pg
fplotsbinary.code.tex"
("C:\Users\Colin\AppData\Local\Programs\MiKTeX 2.9\tex/generic/pgfplots/util\pg
fplotsbinary.data.code.tex"))
("C:\Users\Colin\AppData\Local\Programs\MiKTeX 2.9\tex/generic/pgfplots/util\pg
fplotsutil.verb.code.tex")
("C:\Users\Colin\AppData\Local\Programs\MiKTeX 2.9\tex/generic/pgfplots/libs\pg
flibrarypgfplots.surfshading.code.tex"
\c@pgfplotslibrarysurf@no=\count136

("C:\Users\Colin\AppData\Local\Programs\MiKTeX 2.9\tex/generic/pgfplots/sys\pgf
librarypgfplots.surfshading.pgfsys-pdftex.def")))
("C:\Users\Colin\AppData\Local\Programs\MiKTeX 2.9\tex/generic/pgfplots/util\pg
fplotscolormap.code.tex"
("C:\Users\Colin\AppData\Local\Programs\MiKTeX 2.9\tex/generic/pgfplots/util\pg
fplotscolor.code.tex"))
("C:\Users\Colin\AppData\Local\Programs\MiKTeX 2.9\tex/generic/pgfplots\pgfplot
sstackedplots.code.tex")
("C:\Users\Colin\AppData\Local\Programs\MiKTeX 2.9\tex/generic/pgfplots\pgfplot
splothandlers.code.tex"
("C:\Users\Colin\AppData\Local\Programs\MiKTeX 2.9\tex/generic/pgfplots\pgfplot
smeshplothandler.code.tex"
("C:\Users\Colin\AppData\Local\Programs\MiKTeX 2.9\tex/generic/pgfplots\pgfplot
smeshplotimage.code.tex")))
("C:\Users\Colin\AppData\Local\Programs\MiKTeX 2.9\tex/generic/pgfplots\pgfplot
s.scaling.code.tex")
("C:\Users\Colin\AppData\Local\Programs\MiKTeX 2.9\tex/generic/pgfplots\pgfplot
scoordprocessing.code.tex")
("C:\Users\Colin\AppData\Local\Programs\MiKTeX 2.9\tex/generic/pgfplots\pgfplot
s.errorbars.code.tex")
("C:\Users\Colin\AppData\Local\Programs\MiKTeX 2.9\tex/generic/pgfplots\pgfplot
s.markers.code.tex")
("C:\Users\Colin\AppData\Local\Programs\MiKTeX 2.9\tex/generic/pgfplots\pgfplot
sticks.code.tex")
("C:\Users\Colin\AppData\Local\Programs\MiKTeX 2.9\tex/generic/pgfplots\pgfplot
s.paths.code.tex")
("C:\Users\Colin\AppData\Local\Programs\MiKTeX 2.9\tex/generic/pgf/frontendlaye
r/tikz/libraries\tikzlibrarydecorations.code.tex"
("C:\Users\Colin\AppData\Local\Programs\MiKTeX 2.9\tex/generic/pgf/modules\pgfm
oduledecorations.code.tex"
\pgfdecoratedcompleteddistance=\dimen177
\pgfdecoratedremainingdistance=\dimen178
\pgfdecoratedinputsegmentcompleteddistance=\dimen179
\pgfdecoratedinputsegmentremainingdistance=\dimen180
\pgf@decorate@distancetomove=\dimen181
\pgf@decorate@repeatstate=\count137
\pgfdecorationsegmentamplitude=\dimen182
\pgfdecorationsegmentlength=\dimen183
)
\tikz@lib@dec@box=\box40
)
("C:\Users\Colin\AppData\Local\Programs\MiKTeX 2.9\tex/generic/pgf/frontendlaye
r/tikz/libraries\tikzlibrarydecorations.pathmorphing.code.tex"
("C:\Users\Colin\AppData\Local\Programs\MiKTeX 2.9\tex/generic/pgf/libraries/de
corations\pgflibrarydecorations.pathmorphing.code.tex"))
("C:\Users\Colin\AppData\Local\Programs\MiKTeX 2.9\tex/generic/pgf/frontendlaye
r/tikz/libraries\tikzlibrarydecorations.pathreplacing.code.tex"
("C:\Users\Colin\AppData\Local\Programs\MiKTeX 2.9\tex/generic/pgf/libraries/de
corations\pgflibrarydecorations.pathreplacing.code.tex"))
\pgfplots@numplots=\count138
\pgfplots@xmin@reg=\dimen184
\pgfplots@xmax@reg=\dimen185
\pgfplots@ymin@reg=\dimen186
\pgfplots@ymax@reg=\dimen187
\pgfplots@zmin@reg=\dimen188
\pgfplots@zmax@reg=\dimen189
)
("C:\Users\Colin\AppData\Local\Programs\MiKTeX 2.9\tex/generic/pgf/frontendlaye
r/tikz/libraries\tikzlibraryplotmarks.code.tex"
File: tikzlibraryplotmarks.code.tex 2019/12/19 v3.1.5 (3.1.5)

("C:\Users\Colin\AppData\Local\Programs\MiKTeX 2.9\tex/generic/pgf/libraries\pg
flibraryplotmarks.code.tex"
File: pgflibraryplotmarks.code.tex 2019/12/19 v3.1.5 (3.1.5)
)))
("C:\Users\Colin\AppData\Local\Programs\MiKTeX 2.9\tex/latex/mathtools\mathtool
s.sty"
Package: mathtools 2019/07/31 v1.22 mathematical typesetting tools

("C:\Users\Colin\AppData\Local\Programs\MiKTeX 2.9\tex/latex/tools\calc.sty"
Package: calc 2017/05/25 v4.3 Infix arithmetic (KKT,FJ)
\calc@Acount=\count139
\calc@Bcount=\count140
\calc@Adimen=\dimen190
\calc@Bdimen=\dimen191
\calc@Askip=\skip49
\calc@Bskip=\skip50
LaTeX Info: Redefining \setlength on input line 80.
LaTeX Info: Redefining \addtolength on input line 81.
\calc@Ccount=\count141
\calc@Cskip=\skip51
)
("C:\Users\Colin\AppData\Local\Programs\MiKTeX 2.9\tex/latex/mathtools\mhsetup.
sty"
Package: mhsetup 2017/03/31 v1.3 programming setup (MH)
)
("C:\Users\Colin\AppData\Local\Programs\MiKTeX 2.9\tex/latex/amsmath\amsmath.st
y"
Package: amsmath 2019/11/16 v2.17d AMS math features
\@mathmargin=\skip52

For additional information on amsmath, use the `?' option.

("C:\Users\Colin\AppData\Local\Programs\MiKTeX 2.9\tex/latex/amsmath\amstext.st
y"
Package: amstext 2000/06/29 v2.01 AMS text

("C:\Users\Colin\AppData\Local\Programs\MiKTeX 2.9\tex/latex/amsmath\amsgen.sty
"
File: amsgen.sty 1999/11/30 v2.0 generic functions
\@emptytoks=\toks38
\ex@=\dimen192
))
("C:\Users\Colin\AppData\Local\Programs\MiKTeX 2.9\tex/latex/amsmath\amsbsy.sty
"
Package: amsbsy 1999/11/29 v1.2d Bold Symbols
\pmbraise@=\dimen193
)
("C:\Users\Colin\AppData\Local\Programs\MiKTeX 2.9\tex/latex/amsmath\amsopn.sty
"
Package: amsopn 2016/03/08 v2.02 operator names
)
\inf@bad=\count142
LaTeX Info: Redefining \frac on input line 227.
\uproot@=\count143
\leftroot@=\count144
LaTeX Info: Redefining \overline on input line 389.
\classnum@=\count145
\DOTSCASE@=\count146
LaTeX Info: Redefining \ldots on input line 486.
LaTeX Info: Redefining \dots on input line 489.
LaTeX Info: Redefining \cdots on input line 610.
\Mathstrutbox@=\box41
\strutbox@=\box42
\big@size=\dimen194
LaTeX Font Info:    Redeclaring font encoding OML on input line 733.
LaTeX Font Info:    Redeclaring font encoding OMS on input line 734.
\macc@depth=\count147
\c@MaxMatrixCols=\count148
\dotsspace@=\muskip10
\c@parentequation=\count149
\dspbrk@lvl=\count150
\tag@help=\toks39
\row@=\count151
\column@=\count152
\maxfields@=\count153
\andhelp@=\toks40
\eqnshift@=\dimen195
\alignsep@=\dimen196
\tagshift@=\dimen197
\tagwidth@=\dimen198
\totwidth@=\dimen199
\lineht@=\dimen256
\@envbody=\toks41
\multlinegap=\skip53
\multlinetaggap=\skip54
\mathdisplay@stack=\toks42
LaTeX Info: Redefining \[ on input line 2858.
LaTeX Info: Redefining \] on input line 2859.
)
LaTeX Info: Thecontrolsequence`\('isalreadyrobust on input line 129.
LaTeX Info: Thecontrolsequence`\)'isalreadyrobust on input line 129.
LaTeX Info: Thecontrolsequence`\['isalreadyrobust on input line 129.
LaTeX Info: Thecontrolsequence`\]'isalreadyrobust on input line 129.
\g_MT_multlinerow_int=\count154
\l_MT_multwidth_dim=\dimen257
\origjot=\skip55
\l_MT_shortvdotswithinadjustabove_dim=\dimen258
\l_MT_shortvdotswithinadjustbelow_dim=\dimen259
\l_MT_above_intertext_sep=\dimen260
\l_MT_below_intertext_sep=\dimen261
\l_MT_above_shortintertext_sep=\dimen262
\l_MT_below_shortintertext_sep=\dimen263
)
("C:\Users\Colin\AppData\Local\Programs\MiKTeX 2.9\tex/latex/answers\answers.st
y"
Package: answers 2014/08/24 v2.16 Production of solution sheets in LaTeX2e

("C:\Users\Colin\AppData\Local\Programs\MiKTeX 2.9\tex/latex/tools\verbatim.sty
"
Package: verbatim 2019/11/10 v1.5r LaTeX2e package for verbatim enhancements
\every@verbatim=\toks43
\verbatim@line=\toks44
\verbatim@in@stream=\read2
))
("C:\Users\Colin\AppData\Local\Programs\MiKTeX 2.9\tex/latex/setspace\setspace.
sty"
Package: setspace 2011/12/19 v6.7a set line spacing
)
("C:\Users\Colin\AppData\Local\Programs\MiKTeX 2.9\tex/latex/tools\enumerate.st
y"
Package: enumerate 2015/07/23 v3.00 enumerate extensions (DPC)
\@enLab=\toks45
)
("C:\Users\Colin\AppData\Local\Programs\MiKTeX 2.9\tex/latex/tools\multicol.sty
"
Package: multicol 2019/03/01 v1.8w multicolumn formatting (FMi)
\c@tracingmulticols=\count155
\mult@box=\box43
\multicol@leftmargin=\dimen264
\c@unbalance=\count156
\c@collectmore=\count157
\doublecol@number=\count158
\multicoltolerance=\count159
\multicolpretolerance=\count160
\full@width=\dimen265
\page@free=\dimen266
\premulticols=\dimen267
\postmulticols=\dimen268
\multicolsep=\skip56
\multicolbaselineskip=\skip57
\partial@page=\box44
\last@line=\box45
\maxbalancingoverflow=\dimen269
\mult@rightbox=\box46
\mult@grightbox=\box47
\mult@gfirstbox=\box48
\mult@firstbox=\box49
\@tempa=\box50
\@tempa=\box51
\@tempa=\box52
\@tempa=\box53
\@tempa=\box54
\@tempa=\box55
\@tempa=\box56
\@tempa=\box57
\@tempa=\box58
\@tempa=\box59
\@tempa=\box60
\@tempa=\box61
\@tempa=\box62
\@tempa=\box63
\@tempa=\box64
\@tempa=\box65
\@tempa=\box66
\c@minrows=\count161
\c@columnbadness=\count162
\c@finalcolumnbadness=\count163
\last@try=\dimen270
\multicolovershoot=\dimen271
\multicolundershoot=\dimen272
\mult@nat@firstbox=\box67
\colbreak@box=\box68
\mc@col@check@num=\count164
)
("C:\Users\Colin\AppData\Local\Programs\MiKTeX 2.9\tex/latex/jknappen\mathrsfs.
sty"
Package: mathrsfs 1996/01/01 Math RSFS package v1.0 (jk)
\symrsfs=\mathgroup4
)
("C:\Users\Colin\AppData\Local\Programs\MiKTeX 2.9\tex/latex/amscls\amsthm.sty"
Package: amsthm 2017/10/31 v2.20.4
\thm@style=\toks46
\thm@bodyfont=\toks47
\thm@headfont=\toks48
\thm@notefont=\toks49
\thm@headpunct=\toks50
\thm@preskip=\skip58
\thm@postskip=\skip59
\thm@headsep=\skip60
\dth@everypar=\toks51
)
("C:\Users\Colin\AppData\Local\Programs\MiKTeX 2.9\tex/latex/amsfonts\amssymb.s
ty"
Package: amssymb 2013/01/14 v3.01 AMS font symbols

("C:\Users\Colin\AppData\Local\Programs\MiKTeX 2.9\tex/latex/amsfonts\amsfonts.
sty"
Package: amsfonts 2013/01/14 v3.01 Basic AMSFonts support
\symAMSa=\mathgroup5
\symAMSb=\mathgroup6
LaTeX Font Info:    Redeclaring math symbol \hbar on input line 98.
LaTeX Font Info:    Overwriting math alphabet `\mathfrak' in version `bold'
(Font)                  U/euf/m/n --> U/euf/b/n on input line 106.
))
("C:\Users\Colin\AppData\Local\Programs\MiKTeX 2.9\tex/latex/tcolorbox\tcolorbo
x.sty"
Package: tcolorbox 2019/11/15 version 4.22 text color boxes

("C:\Users\Colin\AppData\Local\Programs\MiKTeX 2.9\tex/latex/environ\environ.st
y"
Package: environ 2014/05/04 v0.3 A new way to define environments
)
("C:\Users\Colin\AppData\Local\Programs\MiKTeX 2.9\tex/latex/etoolbox\etoolbox.
sty"
Package: etoolbox 2019/09/21 v2.5h e-TeX tools for LaTeX (JAW)
\etb@tempcnta=\count165
)
\tcb@titlebox=\box69
\tcb@upperbox=\box70
\tcb@lowerbox=\box71
\tcb@phantombox=\box72
\c@tcbbreakpart=\count166
\c@tcblayer=\count167
\tcolorbox@number=\count168
\tcb@temp=\box73
\tcb@temp=\box74
\tcb@temp=\box75
\tcb@temp=\box76
\tcb@out=\write4
\tcb@record@out=\write5

("C:\Users\Colin\AppData\Local\Programs\MiKTeX 2.9\tex/latex/tcolorbox\tcbraste
r.code.tex"
Library (tcolorbox): 'tcbraster.code.tex' version '4.22'
\c@tcbrastercolumn=\count169
\c@tcbrasterrow=\count170
\c@tcbraster=\count171
)
("C:\Users\Colin\AppData\Local\Programs\MiKTeX 2.9\tex/latex/tcolorbox\tcbskins
.code.tex"
Library (tcolorbox): 'tcbskins.code.tex' version '4.22'
\tcb@waterbox=\box77

("C:\Users\Colin\AppData\Local\Programs\MiKTeX 2.9\tex/latex/tcolorbox\tcbskins
jigsaw.code.tex"
Library (tcolorbox): 'tcbskinsjigsaw.code.tex' version '4.22'
))
("C:\Users\Colin\AppData\Local\Programs\MiKTeX 2.9\tex/latex/tcolorbox\tcbbreak
able.code.tex"
Library (tcolorbox): 'tcbbreakable.code.tex' version '4.22'
\tcb@testbox=\box78
\tcb@totalupperbox=\box79
\tcb@totallowerbox=\box80
)
("C:\Users\Colin\AppData\Local\Programs\MiKTeX 2.9\tex/latex/tcolorbox\tcbhooks
.code.tex"
Library (tcolorbox): 'tcbhooks.code.tex' version '4.22'
)
("C:\Users\Colin\AppData\Local\Programs\MiKTeX 2.9\tex/latex/tcolorbox\tcbtheor
ems.code.tex"
Library (tcolorbox): 'tcbtheorems.code.tex' version '4.22'
)
("C:\Users\Colin\AppData\Local\Programs\MiKTeX 2.9\tex/latex/tcolorbox\tcbfitti
ng.code.tex"
Library (tcolorbox): 'tcbfitting.code.tex' version '4.22'
\tcbfitdim=\dimen273
\tcb@lowerfitdim=\dimen274
\tcb@upperfitdim=\dimen275
\tcb@cur@hbadness=\count172
)
("C:\Users\Colin\AppData\Local\Programs\MiKTeX 2.9\tex/latex/tcolorbox\tcbxpars
e.code.tex"
Library (tcolorbox): 'tcbxparse.code.tex' version '4.22'

("C:\Users\Colin\AppData\Local\Programs\MiKTeX 2.9\tex/latex/l3packages/xparse\
xparse.sty"
("C:\Users\Colin\AppData\Local\Programs\MiKTeX 2.9\tex/latex/l3kernel\expl3.sty
"
Package: expl3 2019-11-07 L3 programming layer (loader) 

("C:\Users\Colin\AppData\Local\Programs\MiKTeX 2.9\tex/latex/l3kernel\expl3-cod
e.tex"
Package: expl3 2019-11-07 L3 programming layer (code)
\c_max_int=\count173
\l_tmpa_int=\count174
\l_tmpb_int=\count175
\g_tmpa_int=\count176
\g_tmpb_int=\count177
\l__seq_internal_a_int=\count178
\l__seq_internal_b_int=\count179
\g__kernel_prg_map_int=\count180
\c__ior_term_noprompt_ior=\count181
\c_log_iow=\count182
\l_iow_line_count_int=\count183
\l__iow_line_target_int=\count184
\l__iow_one_indent_int=\count185
\l__iow_indent_int=\count186
\c_zero_dim=\dimen276
\c_max_dim=\dimen277
\l_tmpa_dim=\dimen278
\l_tmpb_dim=\dimen279
\g_tmpa_dim=\dimen280
\g_tmpb_dim=\dimen281
\c_zero_skip=\skip61
\c_max_skip=\skip62
\l_tmpa_skip=\skip63
\l_tmpb_skip=\skip64
\g_tmpa_skip=\skip65
\g_tmpb_skip=\skip66
\c_zero_muskip=\muskip11
\c_max_muskip=\muskip12
\l_tmpa_muskip=\muskip13
\l_tmpb_muskip=\muskip14
\g_tmpa_muskip=\muskip15
\g_tmpb_muskip=\muskip16
\l_keys_choice_int=\count187
\l__intarray_loop_int=\count188
\c__intarray_sp_dim=\dimen282
\g__intarray_font_int=\count189
\c__fp_leading_shift_int=\count190
\c__fp_middle_shift_int=\count191
\c__fp_trailing_shift_int=\count192
\c__fp_big_leading_shift_int=\count193
\c__fp_big_middle_shift_int=\count194
\c__fp_big_trailing_shift_int=\count195
\c__fp_Bigg_leading_shift_int=\count196
\c__fp_Bigg_middle_shift_int=\count197
\c__fp_Bigg_trailing_shift_int=\count198
\c__kernel_randint_max_int=\count199
\g__fp_array_int=\count266
\l__fp_array_loop_int=\count267
\l__sort_length_int=\count268
\l__sort_min_int=\count269
\l__sort_top_int=\count270
\l__sort_max_int=\count271
\l__sort_true_max_int=\count272
\l__sort_block_int=\count273
\l__sort_begin_int=\count274
\l__sort_end_int=\count275
\l__sort_A_int=\count276
\l__sort_B_int=\count277
\l__sort_C_int=\count278
\l__str_internal_int=\count279
\c__str_replacement_char_int=\count280
\l__tl_analysis_normal_int=\count281
\l__tl_analysis_index_int=\count282
\l__tl_analysis_nesting_int=\count283
\l__tl_analysis_type_int=\count284
\l__regex_internal_a_int=\count285
\l__regex_internal_b_int=\count286
\l__regex_internal_c_int=\count287
\l__regex_balance_int=\count288
\l__regex_group_level_int=\count289
\l__regex_mode_int=\count290
\c__regex_cs_in_class_mode_int=\count291
\c__regex_cs_mode_int=\count292
\l__regex_catcodes_int=\count293
\l__regex_default_catcodes_int=\count294
\c__regex_catcode_D_int=\count295
\c__regex_catcode_S_int=\count296
\c__regex_catcode_L_int=\count297
\c__regex_catcode_O_int=\count298
\c__regex_catcode_A_int=\count299
\c__regex_all_catcodes_int=\count300
\l__regex_show_lines_int=\count301
\l__regex_min_state_int=\count302
\l__regex_max_state_int=\count303
\l__regex_left_state_int=\count304
\l__regex_right_state_int=\count305
\l__regex_capturing_group_int=\count306
\l__regex_min_pos_int=\count307
\l__regex_max_pos_int=\count308
\l__regex_curr_pos_int=\count309
\l__regex_start_pos_int=\count310
\l__regex_success_pos_int=\count311
\l__regex_curr_char_int=\count312
\l__regex_curr_catcode_int=\count313
\l__regex_last_char_int=\count314
\l__regex_case_changed_char_int=\count315
\l__regex_curr_state_int=\count316
\l__regex_step_int=\count317
\l__regex_min_active_int=\count318
\l__regex_max_active_int=\count319
\l__regex_replacement_csnames_int=\count320
\l__regex_match_count_int=\count321
\l__regex_min_submatch_int=\count322
\l__regex_submatch_int=\count323
\l__regex_zeroth_submatch_int=\count324
\g__regex_trace_regex_int=\count325
\c_empty_box=\box81
\l_tmpa_box=\box82
\l_tmpb_box=\box83
\g_tmpa_box=\box84
\g_tmpb_box=\box85
\l__box_top_dim=\dimen283
\l__box_bottom_dim=\dimen284
\l__box_left_dim=\dimen285
\l__box_right_dim=\dimen286
\l__box_top_new_dim=\dimen287
\l__box_bottom_new_dim=\dimen288
\l__box_left_new_dim=\dimen289
\l__box_right_new_dim=\dimen290
\l__box_internal_box=\box86
\l__coffin_internal_box=\box87
\l__coffin_internal_dim=\dimen291
\l__coffin_offset_x_dim=\dimen292
\l__coffin_offset_y_dim=\dimen293
\l__coffin_x_dim=\dimen294
\l__coffin_y_dim=\dimen295
\l__coffin_x_prime_dim=\dimen296
\l__coffin_y_prime_dim=\dimen297
\c_empty_coffin=\box88
\l__coffin_aligned_coffin=\box89
\l__coffin_aligned_internal_coffin=\box90
\l_tmpa_coffin=\box91
\l_tmpb_coffin=\box92
\g_tmpa_coffin=\box93
\g_tmpb_coffin=\box94
\l__coffin_bounding_shift_dim=\dimen298
\l__coffin_left_corner_dim=\dimen299
\l__coffin_right_corner_dim=\dimen300
\l__coffin_bottom_corner_dim=\dimen301
\l__coffin_top_corner_dim=\dimen302
\l__coffin_scaled_total_height_dim=\dimen303
\l__coffin_scaled_width_dim=\dimen304
\c__coffin_empty_coffin=\box95
\l__coffin_display_coffin=\box96
\l__coffin_display_coord_coffin=\box97
\l__coffin_display_pole_coffin=\box98
\l__coffin_display_offset_dim=\dimen305
\l__coffin_display_x_dim=\dimen306
\l__coffin_display_y_dim=\dimen307
\g__char_data_ior=\read3

("C:\Users\Colin\AppData\Local\Programs\MiKTeX 2.9\tex/latex/l3kernel\l3depreca
tion.def"
File: l3deprecation.def 2019-04-06 v L3 Deprecated functions
))
("C:\Users\Colin\AppData\Local\Programs\MiKTeX 2.9\tex/latex/l3backend\l3backen
d-pdfmode.def"
File: l3backend-pdfmode.def 2019-04-06 L3 backend support: PDF mode
\l__kernel_color_stack_int=\count326
\l__pdf_internal_box=\box99
))
Package: xparse 2019-10-11 L3 Experimental document command parser
\l__xparse_current_arg_int=\count327
\g__xparse_grabber_int=\count328
\l__xparse_m_args_int=\count329
\l__xparse_v_nesting_int=\count330
))
("C:\Users\Colin\AppData\Local\Programs\MiKTeX 2.9\tex/latex/tcolorbox\tcblisti
ngsutf8.code.tex"
Library (tcolorbox): 'tcblistingsutf8.code.tex' version '4.22'

("C:\Users\Colin\AppData\Local\Programs\MiKTeX 2.9\tex/latex/listingsutf8\listi
ngsutf8.sty"
Package: listingsutf8 2019-12-10 v1.5 Allow UTF-8 in listings input (HO)

("C:\Users\Colin\AppData\Local\Programs\MiKTeX 2.9\tex/latex/listings\listings.
sty"
\lst@mode=\count331
\lst@gtempboxa=\box100
\lst@token=\toks52
\lst@length=\count332
\lst@currlwidth=\dimen308
\lst@column=\count333
\lst@pos=\count334
\lst@lostspace=\dimen309
\lst@width=\dimen310
\lst@newlines=\count335
\lst@lineno=\count336
\lst@maxwidth=\dimen311

("C:\Users\Colin\AppData\Local\Programs\MiKTeX 2.9\tex/latex/listings\lstmisc.s
ty"
File: lstmisc.sty 2019/09/10 1.8c (Carsten Heinz)
\c@lstnumber=\count337
\lst@skipnumbers=\count338
\lst@framebox=\box101
)
("C:\Users\Colin\AppData\Local\Programs\MiKTeX 2.9\tex/latex/listings\listings.
cfg"
File: listings.cfg 2019/09/10 1.8c listings configuration
))
Package: listings 2019/09/10 1.8c (Carsten Heinz)

("C:\Users\Colin\AppData\Local\Programs\MiKTeX 2.9\tex/generic/stringenc\string
enc.sty"
Package: stringenc 2019/11/29 v1.12 Convert strings between diff. encodings (HO
)

("C:\Users\Colin\AppData\Local\Programs\MiKTeX 2.9\tex/generic/pdfescape\pdfesc
ape.sty"
Package: pdfescape 2019/12/09 v1.15 Implements pdfTeX's escape features (HO)
)))
("C:\Users\Colin\AppData\Local\Programs\MiKTeX 2.9\tex/latex/tcolorbox\tcblisti
ngs.code.tex"
Library (tcolorbox): 'tcblistings.code.tex' version '4.22'

("C:\Users\Colin\AppData\Local\Programs\MiKTeX 2.9\tex/latex/tcolorbox\tcblisti
ngscore.code.tex"
Library (tcolorbox): 'tcblistingscore.code.tex' version '4.22'

("C:\Users\Colin\AppData\Local\Programs\MiKTeX 2.9\tex/latex/tcolorbox\tcbproce
ssing.code.tex"
Library (tcolorbox): 'tcbprocessing.code.tex' version '4.22'
)
\c@tcblisting=\count339
)))
("C:\Users\Colin\AppData\Local\Programs\MiKTeX 2.9\tex/latex/tcolorbox\tcbexter
nal.code.tex"
Library (tcolorbox): 'tcbexternal.code.tex' version '4.22'
)
("C:\Users\Colin\AppData\Local\Programs\MiKTeX 2.9\tex/latex/tcolorbox\tcbmagaz
ine.code.tex"
Library (tcolorbox): 'tcbmagazine.code.tex' version '4.22'
)
("C:\Users\Colin\AppData\Local\Programs\MiKTeX 2.9\tex/latex/tcolorbox\tcbvigne
tte.code.tex"
Library (tcolorbox): 'tcbvignette.code.tex' version '4.22'

("C:\Users\Colin\AppData\Local\Programs\MiKTeX 2.9\tex/generic/pgf/frontendlaye
r/tikz/libraries\tikzlibraryfadings.code.tex"
File: tikzlibraryfadings.code.tex 2019/12/19 v3.1.5 (3.1.5)

("C:\Users\Colin\AppData\Local\Programs\MiKTeX 2.9\tex/generic/pgf/libraries\pg
flibraryfadings.code.tex"
File: pgflibraryfadings.code.tex 2019/12/19 v3.1.5 (3.1.5)
)))
("C:\Users\Colin\AppData\Local\Programs\MiKTeX 2.9\tex/latex/tcolorbox\tcbposte
r.code.tex"
Library (tcolorbox): 'tcbposter.code.tex' version '4.22'
)) ("C:\Users\Colin\AppData\Local\Programs\MiKTeX 2.9\tex/latex/float\float.sty
"
Package: float 2001/11/08 v1.3d Float enhancements (AL)
\c@float@type=\count340
\float@exts=\toks53
\float@box=\box102
\@float@everytoks=\toks54
\@floatcapt=\box103
)
("C:\Users\Colin\AppData\Local\Programs\MiKTeX 2.9\tex/latex/morefloats\moreflo
ats.sty"
Package: morefloats 2015/07/22 v1.0h Raise limit of unprocessed floats (HMM)

("C:\Users\Colin\AppData\Local\Programs\MiKTeX 2.9\tex/latex/kvoptions\kvoption
s.sty"
Package: kvoptions 2019/11/29 v3.13 Key value format for package options (HO)

("C:\Users\Colin\AppData\Local\Programs\MiKTeX 2.9\tex/generic/kvsetkeys\kvsetk
eys.sty"
Package: kvsetkeys 2019/12/15 v1.18 Key value parser (HO)
))
Package morefloats Info: Maximum number of possible floats asked for: 36
(morefloats)             (i.e. 18 more floats).
(morefloats)             LaTeX might run out of memory before this
(morefloats)             (in which case it will notify you).
)
("C:\Users\Colin\AppData\Local\Programs\MiKTeX 2.9\tex/latex/caption\subcaption
.sty"
Package: subcaption 2019/09/01 v1.3a Sub-captions (AR)

("C:\Users\Colin\AppData\Local\Programs\MiKTeX 2.9\tex/latex/caption\caption.st
y"
Package: caption 2019/10/18 v3.4a Customizing captions (AR)

("C:\Users\Colin\AppData\Local\Programs\MiKTeX 2.9\tex/latex/caption\caption3.s
ty"
Package: caption3 2019/09/09 v1.8e caption3 kernel (AR)
Package caption3 Info: TeX engine: e-TeX on input line 64.
\captionmargin=\dimen312
\captionmargin@=\dimen313
\captionwidth=\dimen314
\caption@tempdima=\dimen315
\caption@indent=\dimen316
\caption@parindent=\dimen317
\caption@hangindent=\dimen318
Package caption Info: Standard document class detected.
)
\c@caption@flags=\count341
\c@continuedfloat=\count342
Package caption Info: float package is loaded.
Package caption Info: listings package is loaded.
)
\c@subfigure=\count343
\c@subtable=\count344
)
("C:\Users\Colin\AppData\Local\Programs\MiKTeX 2.9\tex/latex/hyperref\hyperref.
sty"
Package: hyperref 2019/11/10 v7.00c Hypertext links for LaTeX

("C:\Users\Colin\AppData\Local\Programs\MiKTeX 2.9\tex/generic/kvdefinekeys\kvd
efinekeys.sty"
Package: kvdefinekeys 2019-12-19 v1.6 Define keys (HO)
)
("C:\Users\Colin\AppData\Local\Programs\MiKTeX 2.9\tex/latex/hycolor\hycolor.st
y"
Package: hycolor 2019/12/15 v1.9 Color options for hyperref/bookmark (HO)

("C:\Users\Colin\AppData\Local\Programs\MiKTeX 2.9\tex/latex/hycolor\xcolor-pat
ch.sty"
Package: xcolor-patch 2019/12/15 xcolor patch

("C:\Users\Colin\AppData\Local\Programs\MiKTeX 2.9\tex/latex/oberdiek\hopatch.s
ty"
Package: hopatch 2016/05/16 v1.3 Wrapper for package hooks (HO)
)))
("C:\Users\Colin\AppData\Local\Programs\MiKTeX 2.9\tex/latex/letltxmacro\letltx
macro.sty"
Package: letltxmacro 2019/12/03 v1.6 Let assignment for LaTeX macros (HO)
)
\@linkdim=\dimen319
\Hy@linkcounter=\count345
\Hy@pagecounter=\count346

("C:\Users\Colin\AppData\Local\Programs\MiKTeX 2.9\tex/latex/hyperref\pd1enc.de
f"
File: pd1enc.def 2019/11/10 v7.00c Hyperref: PDFDocEncoding definition (HO)
Now handling font encoding PD1 ...
... no UTF-8 mapping file for font encoding PD1
)
("C:\Users\Colin\AppData\Local\Programs\MiKTeX 2.9\tex/generic/intcalc\intcalc.
sty"
Package: intcalc 2019/12/15 v1.3 Expandable calculations with integers (HO)
)
("C:\Users\Colin\AppData\Local\Programs\MiKTeX 2.9\tex/generic/etexcmds\etexcmd
s.sty"
Package: etexcmds 2019/12/15 v1.7 Avoid name clashes with e-TeX commands (HO)
)
\Hy@SavedSpaceFactor=\count347

("C:\Users\Colin\AppData\Local\Programs\MiKTeX 2.9\tex/latex/00miktex\hyperref.
cfg"
File: hyperref.cfg 2002/06/06 v1.2 hyperref configuration of TeXLive
)
Package hyperref Info: Hyper figures OFF on input line 4535.
Package hyperref Info: Link nesting OFF on input line 4540.
Package hyperref Info: Hyper index ON on input line 4543.
Package hyperref Info: Plain pages OFF on input line 4550.
Package hyperref Info: Backreferencing OFF on input line 4555.
Package hyperref Info: Implicit mode ON; LaTeX internals redefined.
Package hyperref Info: Bookmarks ON on input line 4788.
\c@Hy@tempcnt=\count348
 ("C:\Users\Colin\AppData\Local\Programs\MiKTeX 2.9\tex/latex/url\url.sty"
\Urlmuskip=\muskip17
Package: url 2013/09/16  ver 3.4  Verb mode for urls, etc.
)
LaTeX Info: Redefining \url on input line 5147.
\XeTeXLinkMargin=\dimen320

("C:\Users\Colin\AppData\Local\Programs\MiKTeX 2.9\tex/generic/bitset\bitset.st
y"
Package: bitset 2019/12/09 v1.3 Handle bit-vector datatype (HO)

("C:\Users\Colin\AppData\Local\Programs\MiKTeX 2.9\tex/generic/bigintcalc\bigin
tcalc.sty"
Package: bigintcalc 2019/12/15 v1.5 Expandable calculations on big integers (HO
)
))
\Fld@menulength=\count349
\Field@Width=\dimen321
\Fld@charsize=\dimen322
Package hyperref Info: Hyper figures OFF on input line 6418.
Package hyperref Info: Link nesting OFF on input line 6423.
Package hyperref Info: Hyper index ON on input line 6426.
Package hyperref Info: backreferencing OFF on input line 6433.
Package hyperref Info: Link coloring OFF on input line 6438.
Package hyperref Info: Link coloring with OCG OFF on input line 6443.
Package hyperref Info: PDF/A mode OFF on input line 6448.
LaTeX Info: Redefining \ref on input line 6488.
LaTeX Info: Redefining \pageref on input line 6492.

("C:\Users\Colin\AppData\Local\Programs\MiKTeX 2.9\tex/generic/atbegshi\atbegsh
i.sty"
Package: atbegshi 2019/12/05 v1.19 At begin shipout hook (HO)
)
\Hy@abspage=\count350
\c@Item=\count351
\c@Hfootnote=\count352
)
Package hyperref Info: Driver (autodetected): hpdftex.

("C:\Users\Colin\AppData\Local\Programs\MiKTeX 2.9\tex/latex/hyperref\hpdftex.d
ef"
File: hpdftex.def 2019/11/10 v7.00c Hyperref driver for pdfTeX

("C:\Users\Colin\AppData\Local\Programs\MiKTeX 2.9\tex/latex/atveryend\atveryen
d.sty"
Package: atveryend 2019-12-11 v1.11 Hooks at the very end of document (HO)
)
\Fld@listcount=\count353
\c@bookmark@seq@number=\count354

("C:\Users\Colin\AppData\Local\Programs\MiKTeX 2.9\tex/latex/rerunfilecheck\rer
unfilecheck.sty"
Package: rerunfilecheck 2019/12/05 v1.9 Rerun checks for auxiliary files (HO)

("C:\Users\Colin\AppData\Local\Programs\MiKTeX 2.9\tex/generic/uniquecounter\un
iquecounter.sty"
Package: uniquecounter 2019/12/15 v1.4 Provide unlimited unique counter (HO)
)
Package uniquecounter Info: New unique counter `rerunfilecheck' on input line 2
86.
)
\Hy@SectionHShift=\skip67
)
("C:\Users\Colin\AppData\Local\Programs\MiKTeX 2.9\tex/latex/overpic\overpic.st
y"
Package: overpic 2018/09/02 1.2 picture overlays (RN)
 ("C:\Users\Colin\AppData\Local\Programs\MiKTeX 2.9\tex/latex/epic\epic.sty"
Enhancements to Picture Environment. Version 1.2 - Released June 1, 1986
\@@multicnt=\count355
\d@lta=\count356
\@delta=\dimen323
\@@delta=\dimen324
\@gridcnt=\count357
\@joinkind=\count358
\@dotgap=\dimen325
\@ddotgap=\dimen326
\@x@diff=\count359
\@y@diff=\count360
\x@diff=\dimen327
\y@diff=\dimen328
\@dotbox=\box104
\num@segments=\count361
\num@segmentsi=\count362
\@datafile=\read4
)
\OVP@box=\box105
)
("C:\Users\Colin\AppData\Local\Programs\MiKTeX 2.9\tex/latex/l3packages/xfrac\x
frac.sty"
("C:\Users\Colin\AppData\Local\Programs\MiKTeX 2.9\tex/latex/l3packages/l3keys2
e\l3keys2e.sty"
Package: l3keys2e 2019-10-11 LaTeX2e option processing using LaTeX3 keys
)
("C:\Users\Colin\AppData\Local\Programs\MiKTeX 2.9\tex/latex/base\textcomp.sty"
Package: textcomp 2018/08/11 v2.0j Standard LaTeX package
Package textcomp Info: Sub-encoding information:
(textcomp)               5 = only ISO-Adobe without \textcurrency
(textcomp)               4 = 5 + \texteuro
(textcomp)               3 = 4 + \textohm
(textcomp)               2 = 3 + \textestimated + \textcurrency
(textcomp)               1 = TS1 - \textcircled - \t
(textcomp)               0 = TS1 (full)
(textcomp)             Font families with sub-encoding setting implement
(textcomp)             only a restricted character set as indicated.
(textcomp)             Family '?' is the default used for unknown fonts.
(textcomp)             See the documentation for details.
Package textcomp Info: Setting ? sub-encoding to TS1/1 on input line 79.
("C:\Users\Colin\AppData\Local\Programs\MiKTeX 2.9\tex/latex/base\ts1enc.def"
File: ts1enc.def 2001/06/05 v3.0e (jk/car/fm) Standard LaTeX file
Now handling font encoding TS1 ...
... processing UTF-8 mapping file for font encoding TS1

("C:\Users\Colin\AppData\Local\Programs\MiKTeX 2.9\tex/latex/base\ts1enc.dfu"
File: ts1enc.dfu 2019/07/11 v1.2j UTF-8 support for inputenc
   defining Unicode char U+00A2 (decimal 162)
   defining Unicode char U+00A3 (decimal 163)
   defining Unicode char U+00A4 (decimal 164)
   defining Unicode char U+00A5 (decimal 165)
   defining Unicode char U+00A6 (decimal 166)
   defining Unicode char U+00A7 (decimal 167)
   defining Unicode char U+00A8 (decimal 168)
   defining Unicode char U+00A9 (decimal 169)
   defining Unicode char U+00AA (decimal 170)
   defining Unicode char U+00AC (decimal 172)
   defining Unicode char U+00AE (decimal 174)
   defining Unicode char U+00AF (decimal 175)
   defining Unicode char U+00B0 (decimal 176)
   defining Unicode char U+00B1 (decimal 177)
   defining Unicode char U+00B2 (decimal 178)
   defining Unicode char U+00B3 (decimal 179)
   defining Unicode char U+00B4 (decimal 180)
   defining Unicode char U+00B5 (decimal 181)
   defining Unicode char U+00B6 (decimal 182)
   defining Unicode char U+00B7 (decimal 183)
   defining Unicode char U+00B9 (decimal 185)
   defining Unicode char U+00BA (decimal 186)
   defining Unicode char U+00BC (decimal 188)
   defining Unicode char U+00BD (decimal 189)
   defining Unicode char U+00BE (decimal 190)
   defining Unicode char U+00D7 (decimal 215)
   defining Unicode char U+00F7 (decimal 247)
   defining Unicode char U+0192 (decimal 402)
   defining Unicode char U+02C7 (decimal 711)
   defining Unicode char U+02D8 (decimal 728)
   defining Unicode char U+02DD (decimal 733)
   defining Unicode char U+0E3F (decimal 3647)
   defining Unicode char U+2016 (decimal 8214)
   defining Unicode char U+2020 (decimal 8224)
   defining Unicode char U+2021 (decimal 8225)
   defining Unicode char U+2022 (decimal 8226)
   defining Unicode char U+2030 (decimal 8240)
   defining Unicode char U+2031 (decimal 8241)
   defining Unicode char U+203B (decimal 8251)
   defining Unicode char U+203D (decimal 8253)
   defining Unicode char U+2044 (decimal 8260)
   defining Unicode char U+204E (decimal 8270)
   defining Unicode char U+2052 (decimal 8274)
   defining Unicode char U+20A1 (decimal 8353)
   defining Unicode char U+20A4 (decimal 8356)
   defining Unicode char U+20A6 (decimal 8358)
   defining Unicode char U+20A9 (decimal 8361)
   defining Unicode char U+20AB (decimal 8363)
   defining Unicode char U+20AC (decimal 8364)
   defining Unicode char U+20B1 (decimal 8369)
   defining Unicode char U+2103 (decimal 8451)
   defining Unicode char U+2116 (decimal 8470)
   defining Unicode char U+2117 (decimal 8471)
   defining Unicode char U+211E (decimal 8478)
   defining Unicode char U+2120 (decimal 8480)
   defining Unicode char U+2122 (decimal 8482)
   defining Unicode char U+2126 (decimal 8486)
   defining Unicode char U+2127 (decimal 8487)
   defining Unicode char U+212E (decimal 8494)
   defining Unicode char U+2190 (decimal 8592)
   defining Unicode char U+2191 (decimal 8593)
   defining Unicode char U+2192 (decimal 8594)
   defining Unicode char U+2193 (decimal 8595)
   defining Unicode char U+2329 (decimal 9001)
   defining Unicode char U+232A (decimal 9002)
   defining Unicode char U+2422 (decimal 9250)
   defining Unicode char U+25E6 (decimal 9702)
   defining Unicode char U+25EF (decimal 9711)
   defining Unicode char U+266A (decimal 9834)
   defining Unicode char U+27E8 (decimal 10216)
   defining Unicode char U+27E9 (decimal 10217)
   defining Unicode char U+FEFF (decimal 65279)
))
LaTeX Info: Redefining \oldstylenums on input line 334.
Package textcomp Info: Setting cmr sub-encoding to TS1/0 on input line 349.
Package textcomp Info: Setting cmss sub-encoding to TS1/0 on input line 350.
Package textcomp Info: Setting cmtt sub-encoding to TS1/0 on input line 351.
Package textcomp Info: Setting cmvtt sub-encoding to TS1/0 on input line 352.
Package textcomp Info: Setting cmbr sub-encoding to TS1/0 on input line 353.
Package textcomp Info: Setting cmtl sub-encoding to TS1/0 on input line 354.
Package textcomp Info: Setting ccr sub-encoding to TS1/0 on input line 355.
Package textcomp Info: Setting ptm sub-encoding to TS1/4 on input line 356.
Package textcomp Info: Setting pcr sub-encoding to TS1/4 on input line 357.
Package textcomp Info: Setting phv sub-encoding to TS1/4 on input line 358.
Package textcomp Info: Setting ppl sub-encoding to TS1/3 on input line 359.
Package textcomp Info: Setting pag sub-encoding to TS1/4 on input line 360.
Package textcomp Info: Setting pbk sub-encoding to TS1/4 on input line 361.
Package textcomp Info: Setting pnc sub-encoding to TS1/4 on input line 362.
Package textcomp Info: Setting pzc sub-encoding to TS1/4 on input line 363.
Package textcomp Info: Setting bch sub-encoding to TS1/4 on input line 364.
Package textcomp Info: Setting put sub-encoding to TS1/5 on input line 365.
Package textcomp Info: Setting uag sub-encoding to TS1/5 on input line 366.
Package textcomp Info: Setting ugq sub-encoding to TS1/5 on input line 367.
Package textcomp Info: Setting ul8 sub-encoding to TS1/4 on input line 368.
Package textcomp Info: Setting ul9 sub-encoding to TS1/4 on input line 369.
Package textcomp Info: Setting augie sub-encoding to TS1/5 on input line 370.
Package textcomp Info: Setting dayrom sub-encoding to TS1/3 on input line 371.
Package textcomp Info: Setting dayroms sub-encoding to TS1/3 on input line 372.

Package textcomp Info: Setting pxr sub-encoding to TS1/0 on input line 373.
Package textcomp Info: Setting pxss sub-encoding to TS1/0 on input line 374.
Package textcomp Info: Setting pxtt sub-encoding to TS1/0 on input line 375.
Package textcomp Info: Setting txr sub-encoding to TS1/0 on input line 376.
Package textcomp Info: Setting txss sub-encoding to TS1/0 on input line 377.
Package textcomp Info: Setting txtt sub-encoding to TS1/0 on input line 378.
Package textcomp Info: Setting lmr sub-encoding to TS1/0 on input line 379.
Package textcomp Info: Setting lmdh sub-encoding to TS1/0 on input line 380.
Package textcomp Info: Setting lmss sub-encoding to TS1/0 on input line 381.
Package textcomp Info: Setting lmssq sub-encoding to TS1/0 on input line 382.
Package textcomp Info: Setting lmvtt sub-encoding to TS1/0 on input line 383.
Package textcomp Info: Setting lmtt sub-encoding to TS1/0 on input line 384.
Package textcomp Info: Setting qhv sub-encoding to TS1/0 on input line 385.
Package textcomp Info: Setting qag sub-encoding to TS1/0 on input line 386.
Package textcomp Info: Setting qbk sub-encoding to TS1/0 on input line 387.
Package textcomp Info: Setting qcr sub-encoding to TS1/0 on input line 388.
Package textcomp Info: Setting qcs sub-encoding to TS1/0 on input line 389.
Package textcomp Info: Setting qpl sub-encoding to TS1/0 on input line 390.
Package textcomp Info: Setting qtm sub-encoding to TS1/0 on input line 391.
Package textcomp Info: Setting qzc sub-encoding to TS1/0 on input line 392.
Package textcomp Info: Setting qhvc sub-encoding to TS1/0 on input line 393.
Package textcomp Info: Setting futs sub-encoding to TS1/4 on input line 394.
Package textcomp Info: Setting futx sub-encoding to TS1/4 on input line 395.
Package textcomp Info: Setting futj sub-encoding to TS1/4 on input line 396.
Package textcomp Info: Setting hlh sub-encoding to TS1/3 on input line 397.
Package textcomp Info: Setting hls sub-encoding to TS1/3 on input line 398.
Package textcomp Info: Setting hlst sub-encoding to TS1/3 on input line 399.
Package textcomp Info: Setting hlct sub-encoding to TS1/5 on input line 400.
Package textcomp Info: Setting hlx sub-encoding to TS1/5 on input line 401.
Package textcomp Info: Setting hlce sub-encoding to TS1/5 on input line 402.
Package textcomp Info: Setting hlcn sub-encoding to TS1/5 on input line 403.
Package textcomp Info: Setting hlcw sub-encoding to TS1/5 on input line 404.
Package textcomp Info: Setting hlcf sub-encoding to TS1/5 on input line 405.
Package textcomp Info: Setting pplx sub-encoding to TS1/3 on input line 406.
Package textcomp Info: Setting pplj sub-encoding to TS1/3 on input line 407.
Package textcomp Info: Setting ptmx sub-encoding to TS1/4 on input line 408.
Package textcomp Info: Setting ptmj sub-encoding to TS1/4 on input line 409.
)
("C:\Users\Colin\AppData\Local\Programs\MiKTeX 2.9\tex/latex/l3packages/xtempla
te\xtemplate.sty"
Package: xtemplate 2019-10-11 L3 Experimental prototype document functions
\l__xtemplate_tmp_dim=\dimen329
\l__xtemplate_tmp_int=\count363
\l__xtemplate_tmp_muskip=\muskip18
\l__xtemplate_tmp_skip=\skip68
)
Package: xfrac 2019-10-11 L3 Experimental split-level fractions
\l__xfrac_slash_box=\box106
\l__xfrac_tmp_box=\box107
\l__xfrac_denominator_bot_sep_dim=\dimen330
\l__xfrac_numerator_bot_sep_dim=\dimen331
\l__xfrac_numerator_top_sep_dim=\dimen332
\l__xfrac_slash_left_sep_dim=\dimen333
\l__xfrac_slash_right_sep_dim=\dimen334
\l__xfrac_slash_left_muskip=\muskip19
\l__xfrac_slash_right_muskip=\muskip20

Package xtemplate Info: Declaring object type 'xfrac' taking 3 argument(s) on
(xtemplate)             line 79.

)
\c@theorem=\count364
\c@lemma=\count365
\c@corollary=\count366
\c@axiom=\count367
\c@proposition=\count368
\c@definition=\count369
\c@example=\count370
\c@remark=\count371
\c@solution=\count372
\c@problem=\count373
\c@question=\count374
\c@exercise=\count375
) (main.aux)
\openout1 = `main.aux'.

LaTeX Font Info:    Checking defaults for OML/cmm/m/it on input line 17.
LaTeX Font Info:    ... okay on input line 17.
LaTeX Font Info:    Checking defaults for T1/cmr/m/n on input line 17.
LaTeX Font Info:    ... okay on input line 17.
LaTeX Font Info:    Checking defaults for OT1/cmr/m/n on input line 17.
LaTeX Font Info:    ... okay on input line 17.
LaTeX Font Info:    Checking defaults for OMS/cmsy/m/n on input line 17.
LaTeX Font Info:    ... okay on input line 17.
LaTeX Font Info:    Checking defaults for OMX/cmex/m/n on input line 17.
LaTeX Font Info:    ... okay on input line 17.
LaTeX Font Info:    Checking defaults for U/cmr/m/n on input line 17.
LaTeX Font Info:    ... okay on input line 17.
LaTeX Font Info:    Checking defaults for PD1/pdf/m/n on input line 17.
LaTeX Font Info:    ... okay on input line 17.
LaTeX Font Info:    Checking defaults for TS1/cmr/m/n on input line 17.
LaTeX Font Info:    Trying to load font information for TS1+cmr on input line 1
7.

("C:\Users\Colin\AppData\Local\Programs\MiKTeX 2.9\tex/latex/base\ts1cmr.fd"
File: ts1cmr.fd 2014/09/29 v2.5h Standard LaTeX font definitions
)
LaTeX Font Info:    ... okay on input line 17.
LaTeX Font Info:    Trying to load font information for OT1+lmr on input line 1
7.

("C:\Users\Colin\AppData\Local\Programs\MiKTeX 2.9\tex/latex/lm\ot1lmr.fd"
File: ot1lmr.fd 2009/10/30 v1.6 Font defs for Latin Modern
)
("C:\Users\Colin\AppData\Local\Programs\MiKTeX 2.9\tex/context/base/mkii\supp-p
df.mkii"
[Loading MPS to PDF converter (version 2006.09.02).]
\scratchcounter=\count376
\scratchdimen=\dimen335
\scratchbox=\box108
\nofMPsegments=\count377
\nofMParguments=\count378
\everyMPshowfont=\toks55
\MPscratchCnt=\count379
\MPscratchDim=\dimen336
\MPnumerator=\count380
\makeMPintoPDFobject=\count381
\everyMPtoPDFconversion=\toks56
)
("C:\Users\Colin\AppData\Local\Programs\MiKTeX 2.9\tex/latex/epstopdf-pkg\epsto
pdf-base.sty"
Package: epstopdf-base 2019-12-09 v2.10 Base part for package epstopdf
Package epstopdf-base Info: Redefining graphics rule for `.eps' on input line 4
85.
)
*geometry* driver: auto-detecting
*geometry* detected driver: pdftex
*geometry* verbose mode - [ preamble ] result:
* driver: pdftex
* paper: <default>
* layout: <same size as paper>
* layoutoffset:(h,v)=(0.0pt,0.0pt)
* modes: 
* h-part:(L,W,R)=(72.26999pt, 469.75502pt, 72.26999pt)
* v-part:(T,H,B)=(72.26999pt, 650.43001pt, 72.26999pt)
* \paperwidth=614.295pt
* \paperheight=794.96999pt
* \textwidth=469.75502pt
* \textheight=650.43001pt
* \oddsidemargin=0.0pt
* \evensidemargin=0.0pt
* \topmargin=-87.83342pt
* \headheight=51.66672pt
* \headsep=36.1667pt
* \topskip=12.0pt
* \footskip=51.66672pt
* \marginparwidth=44.0pt
* \marginparsep=10.0pt
* \columnsep=10.0pt
* \skip\footins=10.8pt plus 4.0pt minus 2.0pt
* \hoffset=0.0pt
* \voffset=0.0pt
* \mag=1000
* \@twocolumnfalse
* \@twosidefalse
* \@mparswitchfalse
* \@reversemarginfalse
* (1in=72.27pt=25.4mm, 1cm=28.453pt)

ABD: EveryShipout initializing macros
Package pgfplots notification 'compat/show suggested version=true': you might b
enefit from \pgfplotsset{compat=1.16} (current compat level: 1.15).

\c@lstlisting=\count382
("C:\Users\Colin\AppData\Local\Programs\MiKTeX 2.9\tex/latex/base\inputenc.sty"
Package: inputenc 2018/08/11 v1.3c Input encoding file
\inpenc@prehook=\toks57
\inpenc@posthook=\toks58
)
Package caption Info: Begin \AtBeginDocument code.
Package caption Info: hyperref package is loaded.
Package caption Info: End \AtBeginDocument code.
\AtBeginShipoutBox=\box109
Package hyperref Info: Link coloring OFF on input line 17.

("C:\Users\Colin\AppData\Local\Programs\MiKTeX 2.9\tex/latex/hyperref\nameref.s
ty"
Package: nameref 2019/09/16 v2.46 Cross-referencing by name of section

("C:\Users\Colin\AppData\Local\Programs\MiKTeX 2.9\tex/latex/refcount\refcount.
sty"
Package: refcount 2019/12/15 v3.6 Data extraction from label references (HO)
)
("C:\Users\Colin\AppData\Local\Programs\MiKTeX 2.9\tex/generic/gettitlestring\g
ettitlestring.sty"
Package: gettitlestring 2019/12/15 v1.6 Cleanup title references (HO)
)
\c@section@level=\count383
)
LaTeX Info: Redefining \ref on input line 17.
LaTeX Info: Redefining \pageref on input line 17.
LaTeX Info: Redefining \nameref on input line 17.
 (main.out) (main.out)
\@outlinefile=\write6
\openout6 = `main.out'.

LaTeX Font Info:    Trying to load font information for OML+lmm on input line 2
0.

("C:\Users\Colin\AppData\Local\Programs\MiKTeX 2.9\tex/latex/lm\omllmm.fd"
File: omllmm.fd 2009/10/30 v1.6 Font defs for Latin Modern
)
LaTeX Font Info:    Trying to load font information for OMS+lmsy on input line 
20.

("C:\Users\Colin\AppData\Local\Programs\MiKTeX 2.9\tex/latex/lm\omslmsy.fd"
File: omslmsy.fd 2009/10/30 v1.6 Font defs for Latin Modern
)
LaTeX Font Info:    Trying to load font information for OMX+lmex on input line 
20.

("C:\Users\Colin\AppData\Local\Programs\MiKTeX 2.9\tex/latex/lm\omxlmex.fd"
File: omxlmex.fd 2009/10/30 v1.6 Font defs for Latin Modern
)
LaTeX Font Info:    External font `lmex10' loaded for size
(Font)              <14.4> on input line 20.
LaTeX Font Info:    External font `lmex10' loaded for size
(Font)              <10> on input line 20.
LaTeX Font Info:    External font `lmex10' loaded for size
(Font)              <7> on input line 20.
LaTeX Font Info:    Trying to load font information for U+rsfs on input line 20
.

("C:\Users\Colin\AppData\Local\Programs\MiKTeX 2.9\tex/latex/jknappen\ursfs.fd"
File: ursfs.fd 1998/03/24 rsfs font definition file (jk)
)
LaTeX Font Info:    Trying to load font information for U+msa on input line 20.

 ("C:\Users\Colin\AppData\Local\Programs\MiKTeX 2.9\tex/latex/amsfonts\umsa.fd"
File: umsa.fd 2013/01/14 v3.01 AMS symbols A
)
LaTeX Font Info:    Trying to load font information for U+msb on input line 20.

 ("C:\Users\Colin\AppData\Local\Programs\MiKTeX 2.9\tex/latex/amsfonts\umsb.fd"
File: umsb.fd 2013/01/14 v3.01 AMS symbols B
) [1

{C:/Users/Colin/AppData/Local/MiKTeX/2.9/pdftex/config/pdftex.map}]
[2]
Package atveryend Info: Empty hook `BeforeClearDocument' on input line 36.
Package atveryend Info: Empty hook `AfterLastShipout' on input line 36.
 (main.aux)
Package atveryend Info: Executing hook `AtVeryEndDocument' on input line 36.
Package atveryend Info: Executing hook `AtEndAfterFileList' on input line 36.
Package rerunfilecheck Info: File `main.out' has not changed.
(rerunfilecheck)             Checksum: 126842315D207669CCCA7415992FB3E7;137.
 ) 
Here is how much of TeX's memory you used:
 49572 strings out of 492483
 1145862 string characters out of 3121588
 1347131 words of memory out of 3000000
 53143 multiletter control sequences out of 15000+200000
 554575 words of font info for 48 fonts, out of 3000000 for 9000
 1141 hyphenation exceptions out of 8191
 80i,6n,123p,834b,609s stack positions out of 5000i,500n,10000p,200000b,50000s
{C:/Users/Colin/AppData/Local/Programs/MiKTeX 2.9/fonts/enc/dvips/lm/lm-rm.en
c}<C:/Users/Colin/AppData/Local/Programs/MiKTeX 2.9/fonts/type1/public/lm/lmbx1
2.pfb><C:/Users/Colin/AppData/Local/Programs/MiKTeX 2.9/fonts/type1/public/lm/l
mr12.pfb><C:/Users/Colin/AppData/Local/Programs/MiKTeX 2.9/fonts/type1/public/l
m/lmr17.pfb>
Output written on main.pdf (2 pages, 88940 bytes).
PDF statistics:
 83 PDF objects out of 1000 (max. 8388607)
 7 named destinations out of 1000 (max. 500000)
 181 words of extra memory for PDF output out of 10000 (max. 10000000)

